C:\USERS\CARL9000\DOCUMENTS\GITHUB\GENETICSFRAMEWORK\GENETICSFRAMEWORK_PLAIN\GENETICSFRAMEWORK_PLAIN\DEBUG\CONFIGPARSER.OBJ
C:\USERS\CARL9000\DOCUMENTS\GITHUB\GENETICSFRAMEWORK\GENETICSFRAMEWORK_PLAIN\GENETICSFRAMEWORK_PLAIN\DEBUG\GENETICSFRAMEWORK.OBJ
C:\USERS\CARL9000\DOCUMENTS\GITHUB\GENETICSFRAMEWORK\GENETICSFRAMEWORK_PLAIN\GENETICSFRAMEWORK_PLAIN\DEBUG\INIREADER.OBJ
C:\USERS\CARL9000\DOCUMENTS\GITHUB\GENETICSFRAMEWORK\GENETICSFRAMEWORK_PLAIN\GENETICSFRAMEWORK_PLAIN\DEBUG\VC110.PDB
C:\USERS\CARL9000\DOCUMENTS\GITHUB\GENETICSFRAMEWORK\GENETICSFRAMEWORK_PLAIN\GENETICSFRAMEWORK_PLAIN\DEBUG\INI.OBJ
C:\USERS\CARL9000\DOCUMENTS\GITHUB\GENETICSFRAMEWORK\GENETICSFRAMEWORK_PLAIN\GENETICSFRAMEWORK_PLAIN\DEBUG\FASTAPARSER.OBJ
C:\Users\carl9000\Documents\GitHub\GeneticsFrameWork\GeneticsFramework_plain\GeneticsFramework_plain\Debug\configParser.obj
C:\Users\carl9000\Documents\GitHub\GeneticsFrameWork\GeneticsFramework_plain\GeneticsFramework_plain\Debug\FastaParser.obj
C:\Users\carl9000\Documents\GitHub\GeneticsFrameWork\GeneticsFramework_plain\GeneticsFramework_plain\Debug\GeneticsFramework.obj
C:\Users\carl9000\Documents\GitHub\GeneticsFrameWork\GeneticsFramework_plain\GeneticsFramework_plain\Debug\ini.obj
C:\Users\carl9000\Documents\GitHub\GeneticsFrameWork\GeneticsFramework_plain\GeneticsFramework_plain\Debug\INIReader.obj
C:\Users\carl9000\Documents\GitHub\GeneticsFrameWork\GeneticsFramework_plain\GeneticsFramework_plain\Debug\cl.command.1.tlog
C:\Users\carl9000\Documents\GitHub\GeneticsFrameWork\GeneticsFramework_plain\GeneticsFramework_plain\Debug\CL.read.1.tlog
C:\Users\carl9000\Documents\GitHub\GeneticsFrameWork\GeneticsFramework_plain\GeneticsFramework_plain\Debug\CL.write.1.tlog
C:\Users\carl9000\Documents\GitHub\GeneticsFrameWork\GeneticsFramework_plain\GeneticsFramework_plain\Debug\link-cvtres.read.1.tlog
C:\Users\carl9000\Documents\GitHub\GeneticsFrameWork\GeneticsFramework_plain\GeneticsFramework_plain\Debug\link-cvtres.write.1.tlog
C:\Users\carl9000\Documents\GitHub\GeneticsFrameWork\GeneticsFramework_plain\GeneticsFramework_plain\Debug\link-rc.read.1.tlog
C:\Users\carl9000\Documents\GitHub\GeneticsFrameWork\GeneticsFramework_plain\GeneticsFramework_plain\Debug\link-rc.write.1.tlog
C:\Users\carl9000\Documents\GitHub\GeneticsFrameWork\GeneticsFramework_plain\GeneticsFramework_plain\Debug\link.14680-cvtres.read.1.tlog
C:\Users\carl9000\Documents\GitHub\GeneticsFrameWork\GeneticsFramework_plain\GeneticsFramework_plain\Debug\link.14680-cvtres.write.1.tlog
C:\Users\carl9000\Documents\GitHub\GeneticsFrameWork\GeneticsFramework_plain\GeneticsFramework_plain\Debug\link.14680-rc.read.1.tlog
C:\Users\carl9000\Documents\GitHub\GeneticsFrameWork\GeneticsFramework_plain\GeneticsFramework_plain\Debug\link.14680-rc.write.1.tlog
C:\Users\carl9000\Documents\GitHub\GeneticsFrameWork\GeneticsFramework_plain\GeneticsFramework_plain\Debug\link.14680.read.1.tlog
C:\Users\carl9000\Documents\GitHub\GeneticsFrameWork\GeneticsFramework_plain\GeneticsFramework_plain\Debug\link.14680.write.1.tlog
C:\Users\carl9000\Documents\GitHub\GeneticsFrameWork\GeneticsFramework_plain\GeneticsFramework_plain\Debug\link.4380-cvtres.read.1.tlog
C:\Users\carl9000\Documents\GitHub\GeneticsFrameWork\GeneticsFramework_plain\GeneticsFramework_plain\Debug\link.4380-cvtres.write.1.tlog
C:\Users\carl9000\Documents\GitHub\GeneticsFrameWork\GeneticsFramework_plain\GeneticsFramework_plain\Debug\link.4380-rc.read.1.tlog
C:\Users\carl9000\Documents\GitHub\GeneticsFrameWork\GeneticsFramework_plain\GeneticsFramework_plain\Debug\link.4380-rc.write.1.tlog
C:\Users\carl9000\Documents\GitHub\GeneticsFrameWork\GeneticsFramework_plain\GeneticsFramework_plain\Debug\link.4380.read.1.tlog
C:\Users\carl9000\Documents\GitHub\GeneticsFrameWork\GeneticsFramework_plain\GeneticsFramework_plain\Debug\link.4380.write.1.tlog
C:\Users\carl9000\Documents\GitHub\GeneticsFrameWork\GeneticsFramework_plain\GeneticsFramework_plain\Debug\link.5688-cvtres.read.1.tlog
C:\Users\carl9000\Documents\GitHub\GeneticsFrameWork\GeneticsFramework_plain\GeneticsFramework_plain\Debug\link.5688-cvtres.write.1.tlog
C:\Users\carl9000\Documents\GitHub\GeneticsFrameWork\GeneticsFramework_plain\GeneticsFramework_plain\Debug\link.5688-rc.read.1.tlog
C:\Users\carl9000\Documents\GitHub\GeneticsFrameWork\GeneticsFramework_plain\GeneticsFramework_plain\Debug\link.5688-rc.write.1.tlog
C:\Users\carl9000\Documents\GitHub\GeneticsFrameWork\GeneticsFramework_plain\GeneticsFramework_plain\Debug\link.5688.read.1.tlog
C:\Users\carl9000\Documents\GitHub\GeneticsFrameWork\GeneticsFramework_plain\GeneticsFramework_plain\Debug\link.5688.write.1.tlog
C:\Users\carl9000\Documents\GitHub\GeneticsFrameWork\GeneticsFramework_plain\GeneticsFramework_plain\Debug\link.7188-cvtres.read.1.tlog
C:\Users\carl9000\Documents\GitHub\GeneticsFrameWork\GeneticsFramework_plain\GeneticsFramework_plain\Debug\link.7188-cvtres.write.1.tlog
C:\Users\carl9000\Documents\GitHub\GeneticsFrameWork\GeneticsFramework_plain\GeneticsFramework_plain\Debug\link.7188-rc.read.1.tlog
C:\Users\carl9000\Documents\GitHub\GeneticsFrameWork\GeneticsFramework_plain\GeneticsFramework_plain\Debug\link.7188-rc.write.1.tlog
C:\Users\carl9000\Documents\GitHub\GeneticsFrameWork\GeneticsFramework_plain\GeneticsFramework_plain\Debug\link.7188.read.1.tlog
C:\Users\carl9000\Documents\GitHub\GeneticsFrameWork\GeneticsFramework_plain\GeneticsFramework_plain\Debug\link.7188.write.1.tlog
C:\Users\carl9000\Documents\GitHub\GeneticsFrameWork\GeneticsFramework_plain\GeneticsFramework_plain\Debug\link.8284-cvtres.read.1.tlog
C:\Users\carl9000\Documents\GitHub\GeneticsFrameWork\GeneticsFramework_plain\GeneticsFramework_plain\Debug\link.8284-cvtres.write.1.tlog
C:\Users\carl9000\Documents\GitHub\GeneticsFrameWork\GeneticsFramework_plain\GeneticsFramework_plain\Debug\link.8284-rc.read.1.tlog
C:\Users\carl9000\Documents\GitHub\GeneticsFrameWork\GeneticsFramework_plain\GeneticsFramework_plain\Debug\link.8284-rc.write.1.tlog
C:\Users\carl9000\Documents\GitHub\GeneticsFrameWork\GeneticsFramework_plain\GeneticsFramework_plain\Debug\link.8284.read.1.tlog
C:\Users\carl9000\Documents\GitHub\GeneticsFrameWork\GeneticsFramework_plain\GeneticsFramework_plain\Debug\link.8284.write.1.tlog
C:\Users\carl9000\Documents\GitHub\GeneticsFrameWork\GeneticsFramework_plain\GeneticsFramework_plain\Debug\link.command.1.tlog
C:\Users\carl9000\Documents\GitHub\GeneticsFrameWork\GeneticsFramework_plain\GeneticsFramework_plain\Debug\link.read.1.tlog
C:\Users\carl9000\Documents\GitHub\GeneticsFrameWork\GeneticsFramework_plain\GeneticsFramework_plain\Debug\link.write.1.tlog
C:\Users\carl9000\Documents\GitHub\GeneticsFrameWork\GeneticsFramework_plain\GeneticsFramework_plain\Debug\vc110.idb
C:\Users\carl9000\Documents\GitHub\GeneticsFrameWork\GeneticsFramework_plain\GeneticsFramework_plain\Debug\vc110.pdb
C:\Users\carl9000\Documents\GitHub\GeneticsFrameWork\GeneticsFramework_plain\Debug\GeneticsFramework_plain.pdb
