Build started 27/02/2015 12:45:00 a.m..
     1>Project "C:\Users\carl9000\Documents\GitHub\GeneticsFrameWork\GeneticsFramework_plain\GeneticsFramework_plain\GeneticsFramework_plain.vcxproj" on node 2 (Build target(s)).
     1>ClCompile:
         C:\Program Files (x86)\Microsoft Visual Studio 11.0\VC\bin\CL.exe /c /ZI /nologo /W3 /WX- /Od /Oy- /D WIN32 /D _DEBUG /D _CONSOLE /D _UNICODE /D UNICODE /Gm /EHsc /RTC1 /MDd /GS /fp:precise /Zc:wchar_t /Zc:forScope /Fo"Debug\\" /Fd"Debug\vc110.pdb" /Gd /TP /analyze- /errorReport:prompt configParser.cpp GeneticsFramework.cpp INIReader.cpp
         INIReader.cpp
         GeneticsFramework.cpp
     1>c:\users\carl9000\documents\github\geneticsframework\geneticsframework_plain\geneticsframework_plain\geneticsframework.cpp(7): warning C4805: '==' : unsafe mix of type 'int' and type 'const bool' in operation
         configParser.cpp
         Generating Code...
         C:\Program Files (x86)\Microsoft Visual Studio 11.0\VC\bin\CL.exe /c /ZI /nologo /W3 /WX- /Od /Oy- /D WIN32 /D _DEBUG /D _CONSOLE /D _UNICODE /D UNICODE /Gm /EHsc /RTC1 /MDd /GS /fp:precise /Zc:wchar_t /Zc:forScope /Fo"Debug\\" /Fd"Debug\vc110.pdb" /Gd /TC /analyze- /errorReport:prompt ini.c
         ini.c
     1>c:\users\carl9000\documents\github\geneticsframework\geneticsframework_plain\geneticsframework_plain\ini.c(56): warning C4996: 'strncpy': This function or variable may be unsafe. Consider using strncpy_s instead. To disable deprecation, use _CRT_SECURE_NO_WARNINGS. See online help for details.
                 c:\program files (x86)\microsoft visual studio 11.0\vc\include\string.h(191) : see declaration of 'strncpy'
     1>c:\users\carl9000\documents\github\geneticsframework\geneticsframework_plain\geneticsframework_plain\ini.c(175): warning C4996: 'fopen': This function or variable may be unsafe. Consider using fopen_s instead. To disable deprecation, use _CRT_SECURE_NO_WARNINGS. See online help for details.
                 c:\program files (x86)\microsoft visual studio 11.0\vc\include\stdio.h(218) : see declaration of 'fopen'
       Link:
         C:\Program Files (x86)\Microsoft Visual Studio 11.0\VC\bin\link.exe /ERRORREPORT:PROMPT /OUT:"C:\Users\carl9000\Documents\GitHub\GeneticsFrameWork\GeneticsFramework_plain\Debug\GeneticsFramework_plain.exe" /INCREMENTAL /NOLOGO kernel32.lib user32.lib gdi32.lib winspool.lib comdlg32.lib advapi32.lib shell32.lib ole32.lib oleaut32.lib uuid.lib odbc32.lib odbccp32.lib kernel32.lib user32.lib gdi32.lib winspool.lib comdlg32.lib advapi32.lib shell32.lib ole32.lib oleaut32.lib uuid.lib odbc32.lib odbccp32.lib /MANIFEST /MANIFESTUAC:"level='asInvoker' uiAccess='false'" /manifest:embed /DEBUG /PDB:"C:\Users\carl9000\Documents\GitHub\GeneticsFrameWork\GeneticsFramework_plain\Debug\GeneticsFramework_plain.pdb" /SUBSYSTEM:CONSOLE /TLBID:1 /DYNAMICBASE /NXCOMPAT /IMPLIB:"C:\Users\carl9000\Documents\GitHub\GeneticsFrameWork\GeneticsFramework_plain\Debug\GeneticsFramework_plain.lib" /MACHINE:X86 Debug\configParser.obj
         Debug\GeneticsFramework.obj
         Debug\ini.obj
         Debug\INIReader.obj
         GeneticsFramework_plain.vcxproj -> C:\Users\carl9000\Documents\GitHub\GeneticsFrameWork\GeneticsFramework_plain\Debug\GeneticsFramework_plain.exe
     1>Done Building Project "C:\Users\carl9000\Documents\GitHub\GeneticsFrameWork\GeneticsFramework_plain\GeneticsFramework_plain\GeneticsFramework_plain.vcxproj" (Build target(s)).

Build succeeded.

Time Elapsed 00:00:02.04
